{
  "RSpec": {
    "coverage": {
      "/home/neosaurrrus/tic-tac-toe-rb-online-web-sp-000/lib/tic_tac_toe.rb": [
        null,
        null,
        1,
        4,
        null,
        null,
        1,
        25,
        25,
        25,
        25,
        25,
        null,
        null,
        1,
        3,
        3,
        null,
        null,
        null,
        null,
        1,
        null,
        null,
        null,
        null,
        null,
        null,
        null,
        null,
        null,
        1,
        52,
        326,
        326,
        326,
        326,
        326,
        326,
        326,
        17,
        null,
        309,
        6,
        null,
        null,
        29,
        null,
        null,
        1,
        23,
        23,
        null,
        null,
        null,
        1,
        47,
        44,
        null,
        3,
        null,
        null,
        null,
        null,
        1,
        21,
        21,
        21,
        21,
        20,
        20,
        null,
        1,
        null,
        null,
        null,
        1,
        22,
        22,
        198,
        32,
        null,
        null,
        22,
        null,
        null,
        null,
        1,
        21,
        14,
        null,
        7,
        null,
        null,
        null,
        1,
        12,
        18,
        null,
        null,
        12,
        null,
        5,
        7,
        3,
        null,
        null,
        null,
        null,
        1,
        24,
        7,
        null,
        17,
        null,
        null,
        null,
        1,
        37,
        28,
        null,
        9,
        null,
        null,
        null,
        null,
        1,
        22,
        10,
        null,
        12,
        null,
        null,
        null,
        1,
        7,
        6,
        null,
        null,
        null,
        null
      ]
    },
    "timestamp": 1560753930
  }
}
